<?xml version="1.0" encoding="UTF-8"?>
<!-- Generated by org.testng.reporters.JUnitXMLReporter -->
<testsuite ignored="2" hostname="DESKTOP-1GVQKM6" failures="0" tests="1" name="Default test" time="18.567" errors="0" timestamp="2022-08-28T15:47:06 IST">
  <testcase classname="testNGSample.ParallelTesting" name="executSessionOne" time="18.509"/>
  <testcase classname="testNGSample.ParallelTesting" name="executSessionThree" time="0.0">
    <ignored/>
  </testcase> <!-- executSessionThree -->
  <testcase classname="testNGSample.ParallelTesting" name="executeSessionTwo" time="0.0">
    <ignored/>
  </testcase> <!-- executeSessionTwo -->
</testsuite> <!-- Default test -->
