<?xml version="1.0" encoding="UTF-8"?>
<!-- Generated by org.testng.reporters.JUnitXMLReporter -->
<testsuite ignored="1" hostname="DESKTOP-1GVQKM6" failures="1" tests="1" name="Test(failed)(failed)" time="0.09" errors="0" timestamp="2022-08-26T10:27:31 IST">
  <testcase classname="testNGSample.TestCases" name="TestToFail" time="0.023">
    <failure type="java.lang.AssertionError" message="expected [true] but found [false]">
      <![CDATA[java.lang.AssertionError: expected [true] but found [false]
at testNGSample.TestCases.TestToFail(TestCases.java:32)
at java.base/java.util.ArrayList.forEach(ArrayList.java:1511)
... Removed 29 stack frames]]>
    </failure>
  </testcase> <!-- TestToFail -->
  <testcase classname="testNGSample.TestCases" name="Login" time="0.0">
    <ignored/>
  </testcase> <!-- Login -->
</testsuite> <!-- Test(failed)(failed) -->
