<?xml version="1.0" encoding="UTF-8"?>
<!-- Generated by org.testng.reporters.JUnitXMLReporter -->
<testsuite ignored="0" hostname="DESKTOP-1GVQKM6" failures="0" tests="18" name="Parallel Tests" time="62.586" errors="0" timestamp="2022-08-22T18:29:19 IST">
  <testcase classname="testNGSample.GroupTesting" name="method1" time="0.003"/>
  <testcase classname="testNGSample.TestNGSample" name="logout" time="0.012"/>
  <testcase classname="testNGSample.TestNGSample2" name="test1" time="0.011"/>
  <testcase classname="testNGSample.ExcelFileRead" name="f" time="0.017"/>
  <testcase classname="testNGSample.GroupTesting" name="method2" time="0.009"/>
  <testcase classname="testNGSample.TestNGSample" name="delMail" time="0.006"/>
  <testcase classname="testNGSample.GroupTesting" name="method3" time="0.004"/>
  <testcase classname="testNGSample.GroupTesting" name="method4" time="0.003"/>
  <testcase classname="testNGSample.TestNGSample2" name="test2" time="0.016"/>
  <testcase classname="testNGSample.GroupTesting" name="method5" time="0.006"/>
  <testcase classname="testNGSample.GroupTesting" name="method6" time="0.002"/>
  <testcase classname="testNGSample.TestNGSample" name="login" time="0.023"/>
  <testcase classname="testNGSample.TestNGSample" name="markAsInput" time="0.003"/>
  <testcase classname="testNGSample.TestNGSample" name="markAsStar" time="0.003"/>
  <testcase classname="testNGSample.TestNGSample" name="dropEmail" time="0.002"/>
  <testcase classname="testNGSample.ParallelTesting" name="executSessionOne" time="13.897"/>
  <testcase classname="testNGSample.ParallelTesting" name="executSessionThree" time="37.604"/>
  <testcase classname="testNGSample.ParallelTesting" name="executeSessionTwo" time="10.992"/>
</testsuite> <!-- Parallel Tests -->
