<?xml version="1.0" encoding="UTF-8"?>
<!-- Generated by org.testng.reporters.JUnitXMLReporter -->
<testsuite ignored="0" hostname="DESKTOP-1GVQKM6" failures="0" tests="3" name="Test1" time="0.108" errors="0" timestamp="2022-08-22T12:37:02 IST">
  <testcase classname="testNGSample.TestNGSample" name="test1" time="0.017"/>
  <testcase classname="testNGSample.TestNGSample" name="test2" time="0.003"/>
  <testcase classname="testNGSample.TestNGSample" name="test3" time="0.003"/>
</testsuite> <!-- Test1 -->
