<?xml version="1.0" encoding="UTF-8"?>
<!-- Generated by org.testng.reporters.JUnitXMLReporter -->
<testsuite ignored="0" hostname="DESKTOP-1GVQKM6" failures="0" tests="3" name="Test" time="42.02" errors="0" timestamp="2022-08-28T16:29:23 IST">
  <testcase classname="testNGSample.ParallelTesting" name="executSessionOne" time="9.633"/>
  <testcase classname="testNGSample.ParallelTesting" name="executSessionThree" time="12.017"/>
  <testcase classname="testNGSample.ParallelTesting" name="executeSessionTwo" time="20.311"/>
</testsuite> <!-- Test -->
