<?xml version="1.0" encoding="UTF-8"?>
<testng-results ignored="0" total="3" passed="3" failed="0" skipped="0">
  <reporter-output>
  </reporter-output>
  <suite started-at="2022-08-28T16:28:41 IST" name="Suite" finished-at="2022-08-28T16:29:23 IST" duration-ms="42020">
    <groups>
    </groups>
    <test started-at="2022-08-28T16:28:41 IST" name="Test" finished-at="2022-08-28T16:29:23 IST" duration-ms="42020">
      <class name="testNGSample.ParallelTesting">
        <test-method signature="executSessionOne()[pri:0, instance:testNGSample.ParallelTesting@5f9b2141]" started-at="2022-08-28T16:28:41 IST" name="executSessionOne" finished-at="2022-08-28T16:28:50 IST" duration-ms="9633" status="PASS">
          <reporter-output>
          </reporter-output>
        </test-method> <!-- executSessionOne -->
        <test-method signature="executSessionThree()[pri:0, instance:testNGSample.ParallelTesting@5f9b2141]" started-at="2022-08-28T16:28:50 IST" name="executSessionThree" finished-at="2022-08-28T16:29:02 IST" duration-ms="12017" status="PASS">
          <reporter-output>
          </reporter-output>
        </test-method> <!-- executSessionThree -->
        <test-method signature="executeSessionTwo()[pri:0, instance:testNGSample.ParallelTesting@5f9b2141]" started-at="2022-08-28T16:29:02 IST" name="executeSessionTwo" finished-at="2022-08-28T16:29:23 IST" duration-ms="20311" status="PASS">
          <reporter-output>
          </reporter-output>
        </test-method> <!-- executeSessionTwo -->
      </class> <!-- testNGSample.ParallelTesting -->
    </test> <!-- Test -->
  </suite> <!-- Suite -->
</testng-results>
