<?xml version="1.0" encoding="UTF-8"?>
<!-- Generated by org.testng.reporters.JUnitXMLReporter -->
<testsuite ignored="4" hostname="DESKTOP-1GVQKM6" failures="0" tests="2" name="Parallel Tests" time="0.071" errors="0" timestamp="2022-08-24T15:57:30 IST">
  <testcase classname="testNGSample.GroupTesting" name="method1" time="0.018"/>
  <testcase classname="testNGSample.GroupTesting" name="method5" time="0.016"/>
  <testcase classname="testNGSample.GroupTesting" name="method3" time="0.0">
    <ignored/>
  </testcase> <!-- method3 -->
  <testcase classname="testNGSample.GroupTesting" name="method6" time="0.0">
    <ignored/>
  </testcase> <!-- method6 -->
  <testcase classname="testNGSample.GroupTesting" name="method2" time="0.0">
    <ignored/>
  </testcase> <!-- method2 -->
  <testcase classname="testNGSample.GroupTesting" name="method4" time="0.0">
    <ignored/>
  </testcase> <!-- method4 -->
</testsuite> <!-- Parallel Tests -->
