<?xml version="1.0" encoding="UTF-8"?>
<!-- Generated by org.testng.reporters.JUnitXMLReporter -->
<testsuite ignored="0" hostname="DESKTOP-1GVQKM6" failures="0" tests="3" name="Parallel Tests" time="18.914" errors="0" timestamp="2022-08-24T15:46:37 IST">
  <testcase classname="testNGSample.ParallelTesting" name="executSessionOne" time="18.795"/>
  <testcase classname="testNGSample.ParallelTesting" name="executeSessionTwo" time="18.843"/>
  <testcase classname="testNGSample.ParallelTesting" name="executSessionThree" time="18.852"/>
</testsuite> <!-- Parallel Tests -->
